<?xml version="1.0" encoding="UTF-8"?>
<testng-results skipped="0" failed="0" ignored="0"
	total="1" passed="1">
	<reporter-output>
	</reporter-output>
	<suite name="Default suite" duration-ms="1337"
		started-at="2018-05-17T04:22:59Z" finished-at="2018-05-17T04:23:00Z">
		<groups>
		</groups>
		<test name="Default test" duration-ms="1337"
			started-at="2018-05-17T04:22:59Z" finished-at="2018-05-17T04:23:00Z">
			<class name="com.testcases.jiraapi">
				<test-method status="PASS"
					signature="set_up()[pri:0, instance:com.testcases.jiraapi@7d9d1a19]"
					name="set_up" is-config="true" duration-ms="269"
					started-at="2018-05-17T04:22:59Z"
					finished-at="2018-05-17T04:22:59Z">
					<reporter-output>
					</reporter-output>
				</test-method> <!-- set_up -->
				<test-method status="PASS"
					signature="create_issue()[pri:0, instance:com.testcases.jiraapi@7d9d1a19]"
					name="create_issue" duration-ms="1324"
					started-at="2018-05-17T04:22:59Z"
					finished-at="2018-05-17T04:23:00Z">
					<reporter-output>
					</reporter-output>
				</test-method> <!-- create_issue -->
			</class> <!-- com.testcases.jiraapi -->
		</test> <!-- Default test -->
	</suite> <!-- Default suite -->
</testng-results>
